0 info it worked if it ends with ok
1 verbose cli [ '/usr/local/bin/node',
1 verbose cli   '/usr/local/bin/npm',
1 verbose cli   'run',
1 verbose cli   'start-webpack-server' ]
2 info using npm@3.9.5
3 info using node@v6.2.2
4 verbose run-script [ 'prestart-webpack-server',
4 verbose run-script   'start-webpack-server',
4 verbose run-script   'poststart-webpack-server' ]
5 info lifecycle task1@0.1.0~prestart-webpack-server: task1@0.1.0
6 silly lifecycle task1@0.1.0~prestart-webpack-server: no script for prestart-webpack-server, continuing
7 info lifecycle task1@0.1.0~start-webpack-server: task1@0.1.0
8 verbose lifecycle task1@0.1.0~start-webpack-server: unsafe-perm in lifecycle true
9 verbose lifecycle task1@0.1.0~start-webpack-server: PATH: /usr/local/lib/node_modules/npm/bin/node-gyp-bin:/home/rails/coder/React/without-boilerplate/node_modules/.bin:/usr/local/bin:/usr/local/heroku/bin:/home/rails/.rvm/gems/ruby-2.3.0/bin:/home/rails/.rvm/gems/ruby-2.3.0@global/bin:/home/rails/.rvm/rubies/ruby-2.3.0/bin:/usr/local/sbin:/usr/local/bin:/usr/sbin:/usr/bin:/sbin:/bin:/usr/games:/usr/local/games:/home/rails/.rvm/bin:/home/rails/.rvm/bin
10 verbose lifecycle task1@0.1.0~start-webpack-server: CWD: /home/rails/coder/React/without-boilerplate
11 silly lifecycle task1@0.1.0~start-webpack-server: Args: [ '-c',
11 silly lifecycle   'webpack-dev-server --hot --inline --colors --progress' ]
12 silly lifecycle task1@0.1.0~start-webpack-server: Returned: code: 1  signal: null
13 info lifecycle task1@0.1.0~start-webpack-server: Failed to exec start-webpack-server script
14 verbose stack Error: task1@0.1.0 start-webpack-server: `webpack-dev-server --hot --inline --colors --progress`
14 verbose stack Exit status 1
14 verbose stack     at EventEmitter.<anonymous> (/usr/local/lib/node_modules/npm/lib/utils/lifecycle.js:245:16)
14 verbose stack     at emitTwo (events.js:106:13)
14 verbose stack     at EventEmitter.emit (events.js:191:7)
14 verbose stack     at ChildProcess.<anonymous> (/usr/local/lib/node_modules/npm/lib/utils/spawn.js:24:14)
14 verbose stack     at emitTwo (events.js:106:13)
14 verbose stack     at ChildProcess.emit (events.js:191:7)
14 verbose stack     at maybeClose (internal/child_process.js:852:16)
14 verbose stack     at Process.ChildProcess._handle.onexit (internal/child_process.js:215:5)
15 verbose pkgid task1@0.1.0
16 verbose cwd /home/rails/coder/React/without-boilerplate
17 error Linux 3.13.0-95-generic
18 error argv "/usr/local/bin/node" "/usr/local/bin/npm" "run" "start-webpack-server"
19 error node v6.2.2
20 error npm  v3.9.5
21 error code ELIFECYCLE
22 error task1@0.1.0 start-webpack-server: `webpack-dev-server --hot --inline --colors --progress`
22 error Exit status 1
23 error Failed at the task1@0.1.0 start-webpack-server script 'webpack-dev-server --hot --inline --colors --progress'.
23 error Make sure you have the latest version of node.js and npm installed.
23 error If you do, this is most likely a problem with the task1 package,
23 error not with npm itself.
23 error Tell the author that this fails on your system:
23 error     webpack-dev-server --hot --inline --colors --progress
23 error You can get information on how to open an issue for this project with:
23 error     npm bugs task1
23 error Or if that isn't available, you can get their info via:
23 error     npm owner ls task1
23 error There is likely additional logging output above.
24 verbose exit [ 1, true ]
